# JRE version: OpenJDK Runtime Environment (11.0.12+7) (build 11.0.12+7-b1504.28-7817840)
# Java VM: OpenJDK 64-Bit Server VM (11.0.12+7-b1504.28-7817840, mixed mode, tiered, compressed oops, g1 gc, windows-amd64)
Heap:
 garbage-first heap   total 829440K, used 202542K [0x0000000080000000, 0x0000000100000000)
  region size 1024K, 7 young (7168K), 7 survivors (7168K)
 Metaspace       used 144402K, capacity 147733K, committed 147868K, reserved 1177600K
  class space    used 17821K, capacity 19094K, committed 19148K, reserved 1048576K
GC Heap History (20 events):
Event: 6139.087 GC heap after
{Heap after GC invocations=113 (full 0):
 garbage-first heap   total 287744K, used 198716K [0x0000000080000000, 0x0000000100000000)
  region size 1024K, 4 young (4096K), 4 survivors (4096K)
 Metaspace       used 141188K, capacity 144396K, committed 144796K, reserved 1175552K
  class space    used 17521K, capacity 18749K, committed 18892K, reserved 1048576K
}
Event: 6139.300 GC heap before
{Heap before GC invocations=114 (full 0):
 garbage-first heap   total 287744K, used 239676K [0x0000000080000000, 0x0000000100000000)
  region size 1024K, 44 young (45056K), 4 survivors (4096K)
 Metaspace       used 141860K, capacity 145014K, committed 145436K, reserved 1175552K
  class space    used 17603K, capacity 18819K, committed 19020K, reserved 1048576K
}
Event: 6139.306 GC heap after
{Heap after GC invocations=115 (full 0):
 garbage-first heap   total 287744K, used 198925K [0x0000000080000000, 0x0000000100000000)
  region size 1024K, 4 young (4096K), 4 survivors (4096K)
 Metaspace       used 141860K, capacity 145014K, committed 145436K, reserved 1175552K
  class space    used 17603K, capacity 18819K, committed 19020K, reserved 1048576K
}
Event: 6139.341 GC heap before
{Heap before GC invocations=115 (full 0):
 garbage-first heap   total 287744K, used 208141K [0x0000000080000000, 0x0000000100000000)
  region size 1024K, 14 young (14336K), 4 survivors (4096K)
 Metaspace       used 141910K, capacity 145082K, committed 145436K, reserved 1175552K
  class space    used 17604K, capacity 18820K, committed 19020K, reserved 1048576K
}
Event: 6139.346 GC heap after
{Heap after GC invocations=116 (full 0):
 garbage-first heap   total 287744K, used 196874K [0x0000000080000000, 0x0000000100000000)
  region size 1024K, 1 young (1024K), 1 survivors (1024K)
 Metaspace       used 141910K, capacity 145082K, committed 145436K, reserved 1175552K
  class space    used 17604K, capacity 18820K, committed 19020K, reserved 1048576K
}
Event: 6139.496 GC heap before
{Heap before GC invocations=116 (full 0):
 garbage-first heap   total 287744K, used 241930K [0x0000000080000000, 0x0000000100000000)
  region size 1024K, 45 young (46080K), 1 survivors (1024K)
 Metaspace       used 142159K, capacity 145319K, committed 145692K, reserved 1175552K
  class space    used 17627K, capacity 18854K, committed 19020K, reserved 1048576K
}
Event: 6139.500 GC heap after
{Heap after GC invocations=117 (full 0):
 garbage-first heap   total 287744K, used 197198K [0x0000000080000000, 0x0000000100000000)
  region size 1024K, 2 young (2048K), 2 survivors (2048K)
 Metaspace       used 142159K, capacity 145319K, committed 145692K, reserved 1175552K
  class space    used 17627K, capacity 18854K, committed 19020K, reserved 1048576K
}
Event: 6139.698 GC heap before
{Heap before GC invocations=117 (full 0):
 garbage-first heap   total 287744K, used 243278K [0x0000000080000000, 0x0000000100000000)
  region size 1024K, 47 young (48128K), 2 survivors (2048K)
 Metaspace       used 142252K, capacity 145457K, committed 145692K, reserved 1175552K
  class space    used 17629K, capacity 18857K, committed 19020K, reserved 1048576K
}
Event: 6139.702 GC heap after
{Heap after GC invocations=118 (full 0):
 garbage-first heap   total 287744K, used 197111K [0x0000000080000000, 0x0000000100000000)
  region size 1024K, 1 young (1024K), 1 survivors (1024K)
 Metaspace       used 142252K, capacity 145457K, committed 145692K, reserved 1175552K
  class space    used 17629K, capacity 18857K, committed 19020K, reserved 1048576K
}
Event: 6139.919 GC heap before
{Heap before GC invocations=119 (full 0):
 garbage-first heap   total 287744K, used 245239K [0x0000000080000000, 0x0000000100000000)
  region size 1024K, 48 young (49152K), 1 survivors (1024K)
 Metaspace       used 142243K, capacity 145373K, committed 145692K, reserved 1175552K
  class space    used 17611K, capacity 18825K, committed 19020K, reserved 1048576K
}
Event: 6139.994 GC heap after
{Heap after GC invocations=120 (full 0):
 garbage-first heap   total 346112K, used 197306K [0x0000000080000000, 0x0000000100000000)
  region size 1024K, 2 young (2048K), 2 survivors (2048K)
 Metaspace       used 142243K, capacity 145373K, committed 145692K, reserved 1175552K
  class space    used 17611K, capacity 18825K, committed 19020K, reserved 1048576K
}
Event: 6140.305 GC heap before
{Heap before GC invocations=120 (full 0):
 garbage-first heap   total 346112K, used 211642K [0x0000000080000000, 0x0000000100000000)
  region size 1024K, 16 young (16384K), 2 survivors (2048K)
 Metaspace       used 142365K, capacity 145502K, committed 145948K, reserved 1175552K
  class space    used 17611K, capacity 18825K, committed 19020K, reserved 1048576K
}
Event: 6140.320 GC heap after
{Heap after GC invocations=121 (full 0):
 garbage-first heap   total 346112K, used 197311K [0x0000000080000000, 0x0000000100000000)
  region size 1024K, 1 young (1024K), 1 survivors (1024K)
 Metaspace       used 142365K, capacity 145502K, committed 145948K, reserved 1175552K
  class space    used 17611K, capacity 18825K, committed 19020K, reserved 1048576K
}
Event: 6140.727 GC heap before
{Heap before GC invocations=121 (full 0):
 garbage-first heap   total 346112K, used 271039K [0x0000000080000000, 0x0000000100000000)
  region size 1024K, 73 young (74752K), 1 survivors (1024K)
 Metaspace       used 142814K, capacity 146010K, committed 146204K, reserved 1177600K
  class space    used 17682K, capacity 18912K, committed 19020K, reserved 1048576K
}
Event: 6140.782 GC heap after
{Heap after GC invocations=122 (full 0):
 garbage-first heap   total 346112K, used 198903K [0x0000000080000000, 0x0000000100000000)
  region size 1024K, 3 young (3072K), 3 survivors (3072K)
 Metaspace       used 142814K, capacity 146010K, committed 146204K, reserved 1177600K
  class space    used 17682K, capacity 18912K, committed 19020K, reserved 1048576K
}
Event: 6141.414 GC heap before
{Heap before GC invocations=122 (full 0):
 garbage-first heap   total 346112K, used 274679K [0x0000000080000000, 0x0000000100000000)
  region size 1024K, 77 young (78848K), 3 survivors (3072K)
 Metaspace       used 143717K, capacity 146996K, committed 147356K, reserved 1177600K
  class space    used 17718K, capacity 18975K, committed 19148K, reserved 1048576K
}
Event: 6141.418 GC heap after
{Heap after GC invocations=123 (full 0):
 garbage-first heap   total 346112K, used 197997K [0x0000000080000000, 0x0000000100000000)
  region size 1024K, 2 young (2048K), 2 survivors (2048K)
 Metaspace       used 143717K, capacity 146996K, committed 147356K, reserved 1177600K
  class space    used 17718K, capacity 18975K, committed 19148K, reserved 1048576K
}
Event: 6141.758 GC heap before
{Heap before GC invocations=123 (full 0):
 garbage-first heap   total 346112K, used 277869K [0x0000000080000000, 0x0000000100000000)
  region size 1024K, 80 young (81920K), 2 survivors (2048K)
 Metaspace       used 144196K, capacity 147482K, committed 147612K, reserved 1177600K
  class space    used 17788K, capacity 19053K, committed 19148K, reserved 1048576K
}
Event: 6141.767 GC heap after
{Heap after GC invocations=124 (full 0):
 garbage-first heap   total 346112K, used 199128K [0x0000000080000000, 0x0000000100000000)
  region size 1024K, 3 young (3072K), 3 survivors (3072K)
 Metaspace       used 144196K, capacity 147482K, committed 147612K, reserved 1177600K
  class space    used 17788K, capacity 19053K, committed 19148K, reserved 1048576K
}
Event: 6141.955 GC heap before
{Heap before GC invocations=125 (full 0):
 garbage-first heap   total 346112K, used 281048K [0x0000000080000000, 0x0000000100000000)
  region size 1024K, 84 young (86016K), 3 survivors (3072K)
 Metaspace       used 144402K, capacity 147733K, committed 147868K, reserved 1177600K
  class space    used 17821K, capacity 19094K, committed 19148K, reserved 1048576K
}

