# JRE version: OpenJDK Runtime Environment (11.0.12+7) (build 11.0.12+7-b1504.28-7817840)
# Java VM: OpenJDK 64-Bit Server VM (11.0.12+7-b1504.28-7817840, mixed mode, tiered, compressed oops, g1 gc, windows-amd64)
Heap:
 garbage-first heap   total 139264K, used 60125K [0x0000000091000000, 0x0000000100000000)
  region size 1024K, 31 young (31744K), 8 survivors (8192K)
 Metaspace       used 55124K, capacity 55851K, committed 56064K, reserved 1099776K
  class space    used 6353K, capacity 6629K, committed 6656K, reserved 1048576K
GC Heap History (14 events):
Event: 0.911 GC heap before
{Heap before GC invocations=0 (full 0):
 garbage-first heap   total 114688K, used 27648K [0x0000000091000000, 0x0000000100000000)
  region size 1024K, 24 young (24576K), 0 survivors (0K)
 Metaspace       used 12355K, capacity 12501K, committed 12800K, reserved 1060864K
  class space    used 1163K, capacity 1206K, committed 1280K, reserved 1048576K
}
Event: 0.916 GC heap after
{Heap after GC invocations=1 (full 0):
 garbage-first heap   total 114688K, used 5976K [0x0000000091000000, 0x0000000100000000)
  region size 1024K, 3 young (3072K), 3 survivors (3072K)
 Metaspace       used 12355K, capacity 12501K, committed 12800K, reserved 1060864K
  class space    used 1163K, capacity 1206K, committed 1280K, reserved 1048576K
}
Event: 1.785 GC heap before
{Heap before GC invocations=1 (full 0):
 garbage-first heap   total 114688K, used 40792K [0x0000000091000000, 0x0000000100000000)
  region size 1024K, 38 young (38912K), 3 survivors (3072K)
 Metaspace       used 20907K, capacity 21158K, committed 21248K, reserved 1069056K
  class space    used 2224K, capacity 2293K, committed 2304K, reserved 1048576K
}
Event: 1.810 GC heap after
{Heap after GC invocations=2 (full 0):
 garbage-first heap   total 114688K, used 9111K [0x0000000091000000, 0x0000000100000000)
  region size 1024K, 6 young (6144K), 6 survivors (6144K)
 Metaspace       used 20907K, capacity 21158K, committed 21248K, reserved 1069056K
  class space    used 2224K, capacity 2293K, committed 2304K, reserved 1048576K
}
Event: 2.952 GC heap before
{Heap before GC invocations=3 (full 0):
 garbage-first heap   total 114688K, used 60311K [0x0000000091000000, 0x0000000100000000)
  region size 1024K, 51 young (52224K), 6 survivors (6144K)
 Metaspace       used 32310K, capacity 32837K, committed 33024K, reserved 1077248K
  class space    used 4060K, capacity 4264K, committed 4352K, reserved 1048576K
}
Event: 2.972 GC heap after
{Heap after GC invocations=4 (full 0):
 garbage-first heap   total 114688K, used 19814K [0x0000000091000000, 0x0000000100000000)
  region size 1024K, 7 young (7168K), 7 survivors (7168K)
 Metaspace       used 32310K, capacity 32837K, committed 33024K, reserved 1077248K
  class space    used 4060K, capacity 4264K, committed 4352K, reserved 1048576K
}
Event: 3.185 GC heap before
{Heap before GC invocations=4 (full 0):
 garbage-first heap   total 114688K, used 32102K [0x0000000091000000, 0x0000000100000000)
  region size 1024K, 20 young (20480K), 7 survivors (7168K)
 Metaspace       used 35021K, capacity 35504K, committed 35584K, reserved 1081344K
  class space    used 4356K, capacity 4556K, committed 4608K, reserved 1048576K
}
Event: 3.201 GC heap after
{Heap after GC invocations=5 (full 0):
 garbage-first heap   total 114688K, used 21465K [0x0000000091000000, 0x0000000100000000)
  region size 1024K, 2 young (2048K), 2 survivors (2048K)
 Metaspace       used 35021K, capacity 35504K, committed 35584K, reserved 1081344K
  class space    used 4356K, capacity 4556K, committed 4608K, reserved 1048576K
}
Event: 4.032 GC heap before
{Heap before GC invocations=6 (full 0):
 garbage-first heap   total 114688K, used 60377K [0x0000000091000000, 0x0000000100000000)
  region size 1024K, 40 young (40960K), 2 survivors (2048K)
 Metaspace       used 42856K, capacity 43396K, committed 43520K, reserved 1087488K
  class space    used 5159K, capacity 5369K, committed 5376K, reserved 1048576K
}
Event: 4.042 GC heap after
{Heap after GC invocations=7 (full 0):
 garbage-first heap   total 139264K, used 24516K [0x0000000091000000, 0x0000000100000000)
  region size 1024K, 5 young (5120K), 5 survivors (5120K)
 Metaspace       used 42856K, capacity 43396K, committed 43520K, reserved 1087488K
  class space    used 5159K, capacity 5369K, committed 5376K, reserved 1048576K
}
Event: 4.800 GC heap before
{Heap before GC invocations=7 (full 0):
 garbage-first heap   total 139264K, used 75716K [0x0000000091000000, 0x0000000100000000)
  region size 1024K, 54 young (55296K), 5 survivors (5120K)
 Metaspace       used 49025K, capacity 49581K, committed 49920K, reserved 1093632K
  class space    used 5819K, capacity 6037K, committed 6144K, reserved 1048576K
}
Event: 4.813 GC heap after
{Heap after GC invocations=8 (full 0):
 garbage-first heap   total 139264K, used 28434K [0x0000000091000000, 0x0000000100000000)
  region size 1024K, 7 young (7168K), 7 survivors (7168K)
 Metaspace       used 49025K, capacity 49581K, committed 49920K, reserved 1093632K
  class space    used 5819K, capacity 6037K, committed 6144K, reserved 1048576K
}
Event: 5.934 GC heap before
{Heap before GC invocations=8 (full 0):
 garbage-first heap   total 139264K, used 83730K [0x0000000091000000, 0x0000000100000000)
  region size 1024K, 61 young (62464K), 7 survivors (7168K)
 Metaspace       used 51811K, capacity 52439K, committed 52608K, reserved 1095680K
  class space    used 5986K, capacity 6240K, committed 6272K, reserved 1048576K
}
Event: 5.963 GC heap after
{Heap after GC invocations=9 (full 0):
 garbage-first heap   total 139264K, used 37597K [0x0000000091000000, 0x0000000100000000)
  region size 1024K, 8 young (8192K), 8 survivors (8192K)
 Metaspace       used 51811K, capacity 52439K, committed 52608K, reserved 1095680K
  class space    used 5986K, capacity 6240K, committed 6272K, reserved 1048576K
}

